0 info it worked if it ends with ok
1 verbose cli [ 'node', '/usr/local/bin/npm', 'install' ]
2 info using npm@1.4.28
3 info using node@v0.10.36
4 verbose readDependencies using package.json deps
5 verbose install where, deps [ '/Users/timothyvoice/code/octavejournal',
5 verbose install   [ 'coffee-script',
5 verbose install     'grunt',
5 verbose install     'grunt-contrib-sass',
5 verbose install     'grunt-sass',
5 verbose install     'jasmine-given',
5 verbose install     'lineman',
5 verbose install     'lineman-angular',
5 verbose install     'lineman-bower',
5 verbose install     'lineman-less',
5 verbose install     'protractor' ] ]
6 info preinstall lineman-angular-template@0.0.1
7 verbose readDependencies using package.json deps
8 verbose cache add [ 'coffee-script@~1.6.3', null ]
9 verbose cache add name=undefined spec="coffee-script@~1.6.3" args=["coffee-script@~1.6.3",null]
10 verbose parsed url { protocol: null,
10 verbose parsed url   slashes: null,
10 verbose parsed url   auth: null,
10 verbose parsed url   host: null,
10 verbose parsed url   port: null,
10 verbose parsed url   hostname: null,
10 verbose parsed url   hash: null,
10 verbose parsed url   search: null,
10 verbose parsed url   query: null,
10 verbose parsed url   pathname: 'coffee-script@~1.6.3',
10 verbose parsed url   path: 'coffee-script@~1.6.3',
10 verbose parsed url   href: 'coffee-script@~1.6.3' }
11 verbose cache add [ 'grunt@^0.4.5', null ]
12 verbose cache add name=undefined spec="grunt@^0.4.5" args=["grunt@^0.4.5",null]
13 verbose parsed url { protocol: null,
13 verbose parsed url   slashes: null,
13 verbose parsed url   auth: null,
13 verbose parsed url   host: null,
13 verbose parsed url   port: null,
13 verbose parsed url   hostname: null,
13 verbose parsed url   hash: null,
13 verbose parsed url   search: null,
13 verbose parsed url   query: null,
13 verbose parsed url   pathname: 'grunt@^0.4.5',
13 verbose parsed url   path: 'grunt@^0.4.5',
13 verbose parsed url   href: 'grunt@^0.4.5' }
14 verbose cache add [ 'grunt-contrib-sass@^0.8.1', null ]
15 verbose cache add name=undefined spec="grunt-contrib-sass@^0.8.1" args=["grunt-contrib-sass@^0.8.1",null]
16 verbose parsed url { protocol: null,
16 verbose parsed url   slashes: null,
16 verbose parsed url   auth: null,
16 verbose parsed url   host: null,
16 verbose parsed url   port: null,
16 verbose parsed url   hostname: null,
16 verbose parsed url   hash: null,
16 verbose parsed url   search: null,
16 verbose parsed url   query: null,
16 verbose parsed url   pathname: 'grunt-contrib-sass@^0.8.1',
16 verbose parsed url   path: 'grunt-contrib-sass@^0.8.1',
16 verbose parsed url   href: 'grunt-contrib-sass@^0.8.1' }
17 verbose cache add [ 'grunt-sass@^0.14.0', null ]
18 verbose cache add name=undefined spec="grunt-sass@^0.14.0" args=["grunt-sass@^0.14.0",null]
19 verbose parsed url { protocol: null,
19 verbose parsed url   slashes: null,
19 verbose parsed url   auth: null,
19 verbose parsed url   host: null,
19 verbose parsed url   port: null,
19 verbose parsed url   hostname: null,
19 verbose parsed url   hash: null,
19 verbose parsed url   search: null,
19 verbose parsed url   query: null,
19 verbose parsed url   pathname: 'grunt-sass@^0.14.0',
19 verbose parsed url   path: 'grunt-sass@^0.14.0',
19 verbose parsed url   href: 'grunt-sass@^0.14.0' }
20 verbose cache add name="coffee-script" spec="~1.6.3" args=["coffee-script","~1.6.3"]
21 verbose parsed url { protocol: null,
21 verbose parsed url   slashes: null,
21 verbose parsed url   auth: null,
21 verbose parsed url   host: null,
21 verbose parsed url   port: null,
21 verbose parsed url   hostname: null,
21 verbose parsed url   hash: null,
21 verbose parsed url   search: null,
21 verbose parsed url   query: null,
21 verbose parsed url   pathname: '~1.6.3',
21 verbose parsed url   path: '~1.6.3',
21 verbose parsed url   href: '~1.6.3' }
22 verbose addNamed [ 'coffee-script', '~1.6.3' ]
23 verbose addNamed [ null, '>=1.6.3-0 <1.7.0-0' ]
24 verbose cache add name="grunt" spec="^0.4.5" args=["grunt","^0.4.5"]
25 verbose parsed url { protocol: null,
25 verbose parsed url   slashes: null,
25 verbose parsed url   auth: null,
25 verbose parsed url   host: null,
25 verbose parsed url   port: null,
25 verbose parsed url   hostname: null,
25 verbose parsed url   hash: null,
25 verbose parsed url   search: null,
25 verbose parsed url   query: null,
25 verbose parsed url   pathname: '^0.4.5',
25 verbose parsed url   path: '^0.4.5',
25 verbose parsed url   href: '^0.4.5' }
26 verbose addNamed [ 'grunt', '^0.4.5' ]
27 verbose addNamed [ null, '>=0.4.5-0 <0.5.0-0' ]
28 verbose cache add name="grunt-contrib-sass" spec="^0.8.1" args=["grunt-contrib-sass","^0.8.1"]
29 verbose parsed url { protocol: null,
29 verbose parsed url   slashes: null,
29 verbose parsed url   auth: null,
29 verbose parsed url   host: null,
29 verbose parsed url   port: null,
29 verbose parsed url   hostname: null,
29 verbose parsed url   hash: null,
29 verbose parsed url   search: null,
29 verbose parsed url   query: null,
29 verbose parsed url   pathname: '^0.8.1',
29 verbose parsed url   path: '^0.8.1',
29 verbose parsed url   href: '^0.8.1' }
30 verbose addNamed [ 'grunt-contrib-sass', '^0.8.1' ]
31 verbose addNamed [ null, '>=0.8.1-0 <0.9.0-0' ]
32 verbose cache add [ 'jasmine-given@~2.1.0', null ]
33 verbose cache add name=undefined spec="jasmine-given@~2.1.0" args=["jasmine-given@~2.1.0",null]
34 verbose parsed url { protocol: null,
34 verbose parsed url   slashes: null,
34 verbose parsed url   auth: null,
34 verbose parsed url   host: null,
34 verbose parsed url   port: null,
34 verbose parsed url   hostname: null,
34 verbose parsed url   hash: null,
34 verbose parsed url   search: null,
34 verbose parsed url   query: null,
34 verbose parsed url   pathname: 'jasmine-given@~2.1.0',
34 verbose parsed url   path: 'jasmine-given@~2.1.0',
34 verbose parsed url   href: 'jasmine-given@~2.1.0' }
35 verbose cache add [ 'lineman@>= 0.28.0', null ]
36 verbose cache add name=undefined spec="lineman@>= 0.28.0" args=["lineman@>= 0.28.0",null]
37 verbose parsed url { protocol: null,
37 verbose parsed url   slashes: null,
37 verbose parsed url   auth: null,
37 verbose parsed url   host: null,
37 verbose parsed url   port: null,
37 verbose parsed url   hostname: null,
37 verbose parsed url   hash: null,
37 verbose parsed url   search: null,
37 verbose parsed url   query: null,
37 verbose parsed url   pathname: 'lineman@%3E=%200.28.0',
37 verbose parsed url   path: 'lineman@%3E=%200.28.0',
37 verbose parsed url   href: 'lineman@%3E=%200.28.0' }
38 verbose cache add name="grunt-sass" spec="^0.14.0" args=["grunt-sass","^0.14.0"]
39 verbose parsed url { protocol: null,
39 verbose parsed url   slashes: null,
39 verbose parsed url   auth: null,
39 verbose parsed url   host: null,
39 verbose parsed url   port: null,
39 verbose parsed url   hostname: null,
39 verbose parsed url   hash: null,
39 verbose parsed url   search: null,
39 verbose parsed url   query: null,
39 verbose parsed url   pathname: '^0.14.0',
39 verbose parsed url   path: '^0.14.0',
39 verbose parsed url   href: '^0.14.0' }
40 verbose addNamed [ 'grunt-sass', '^0.14.0' ]
41 verbose addNamed [ null, '>=0.14.0-0 <0.15.0-0' ]
42 silly lockFile 2faa65d6-coffee-script-1-6-3 coffee-script@~1.6.3
43 verbose lock coffee-script@~1.6.3 /Users/timothyvoice/.npm/2faa65d6-coffee-script-1-6-3.lock
44 silly lockFile 73541f84-grunt-0-4-5 grunt@^0.4.5
45 verbose lock grunt@^0.4.5 /Users/timothyvoice/.npm/73541f84-grunt-0-4-5.lock
46 silly lockFile 624c9b3d-grunt-contrib-sass-0-8-1 grunt-contrib-sass@^0.8.1
47 verbose lock grunt-contrib-sass@^0.8.1 /Users/timothyvoice/.npm/624c9b3d-grunt-contrib-sass-0-8-1.lock
48 silly lockFile 2d09307c-grunt-sass-0-14-0 grunt-sass@^0.14.0
49 verbose lock grunt-sass@^0.14.0 /Users/timothyvoice/.npm/2d09307c-grunt-sass-0-14-0.lock
50 verbose cache add name="jasmine-given" spec="~2.1.0" args=["jasmine-given","~2.1.0"]
51 verbose parsed url { protocol: null,
51 verbose parsed url   slashes: null,
51 verbose parsed url   auth: null,
51 verbose parsed url   host: null,
51 verbose parsed url   port: null,
51 verbose parsed url   hostname: null,
51 verbose parsed url   hash: null,
51 verbose parsed url   search: null,
51 verbose parsed url   query: null,
51 verbose parsed url   pathname: '~2.1.0',
51 verbose parsed url   path: '~2.1.0',
51 verbose parsed url   href: '~2.1.0' }
52 verbose addNamed [ 'jasmine-given', '~2.1.0' ]
53 verbose addNamed [ null, '>=2.1.0-0 <2.2.0-0' ]
54 silly lockFile ecdacbdb-jasmine-given-2-1-0 jasmine-given@~2.1.0
55 verbose lock jasmine-given@~2.1.0 /Users/timothyvoice/.npm/ecdacbdb-jasmine-given-2-1-0.lock
56 verbose cache add [ 'lineman-angular@>= 0.2.0', null ]
57 verbose cache add name=undefined spec="lineman-angular@>= 0.2.0" args=["lineman-angular@>= 0.2.0",null]
58 verbose parsed url { protocol: null,
58 verbose parsed url   slashes: null,
58 verbose parsed url   auth: null,
58 verbose parsed url   host: null,
58 verbose parsed url   port: null,
58 verbose parsed url   hostname: null,
58 verbose parsed url   hash: null,
58 verbose parsed url   search: null,
58 verbose parsed url   query: null,
58 verbose parsed url   pathname: 'lineman-angular@%3E=%200.2.0',
58 verbose parsed url   path: 'lineman-angular@%3E=%200.2.0',
58 verbose parsed url   href: 'lineman-angular@%3E=%200.2.0' }
59 verbose cache add [ 'lineman-bower@0.0.5', null ]
60 verbose cache add name=undefined spec="lineman-bower@0.0.5" args=["lineman-bower@0.0.5",null]
61 verbose parsed url { protocol: null,
61 verbose parsed url   slashes: null,
61 verbose parsed url   auth: null,
61 verbose parsed url   host: null,
61 verbose parsed url   port: null,
61 verbose parsed url   hostname: null,
61 verbose parsed url   hash: null,
61 verbose parsed url   search: null,
61 verbose parsed url   query: null,
61 verbose parsed url   pathname: 'lineman-bower@0.0.5',
61 verbose parsed url   path: 'lineman-bower@0.0.5',
61 verbose parsed url   href: 'lineman-bower@0.0.5' }
62 verbose cache add name="lineman" spec=">= 0.28.0" args=["lineman",">= 0.28.0"]
63 verbose parsed url { protocol: null,
63 verbose parsed url   slashes: null,
63 verbose parsed url   auth: null,
63 verbose parsed url   host: null,
63 verbose parsed url   port: null,
63 verbose parsed url   hostname: null,
63 verbose parsed url   hash: null,
63 verbose parsed url   search: null,
63 verbose parsed url   query: null,
63 verbose parsed url   pathname: '%3E=%200.28.0',
63 verbose parsed url   path: '%3E=%200.28.0',
63 verbose parsed url   href: '%3E=%200.28.0' }
64 verbose addNamed [ 'lineman', '>= 0.28.0' ]
65 verbose addNamed [ null, '>=0.28.0' ]
66 silly lockFile ca46b164-lineman-0-28-0 lineman@>= 0.28.0
67 verbose lock lineman@>= 0.28.0 /Users/timothyvoice/.npm/ca46b164-lineman-0-28-0.lock
68 verbose cache add name="lineman-angular" spec=">= 0.2.0" args=["lineman-angular",">= 0.2.0"]
69 verbose parsed url { protocol: null,
69 verbose parsed url   slashes: null,
69 verbose parsed url   auth: null,
69 verbose parsed url   host: null,
69 verbose parsed url   port: null,
69 verbose parsed url   hostname: null,
69 verbose parsed url   hash: null,
69 verbose parsed url   search: null,
69 verbose parsed url   query: null,
69 verbose parsed url   pathname: '%3E=%200.2.0',
69 verbose parsed url   path: '%3E=%200.2.0',
69 verbose parsed url   href: '%3E=%200.2.0' }
70 verbose addNamed [ 'lineman-angular', '>= 0.2.0' ]
71 verbose addNamed [ null, '>=0.2.0' ]
72 silly lockFile 12fbef9a-lineman-angular-0-2-0 lineman-angular@>= 0.2.0
73 verbose lock lineman-angular@>= 0.2.0 /Users/timothyvoice/.npm/12fbef9a-lineman-angular-0-2-0.lock
74 verbose cache add [ 'lineman-less@0.0.1', null ]
75 verbose cache add name=undefined spec="lineman-less@0.0.1" args=["lineman-less@0.0.1",null]
76 verbose parsed url { protocol: null,
76 verbose parsed url   slashes: null,
76 verbose parsed url   auth: null,
76 verbose parsed url   host: null,
76 verbose parsed url   port: null,
76 verbose parsed url   hostname: null,
76 verbose parsed url   hash: null,
76 verbose parsed url   search: null,
76 verbose parsed url   query: null,
76 verbose parsed url   pathname: 'lineman-less@0.0.1',
76 verbose parsed url   path: 'lineman-less@0.0.1',
76 verbose parsed url   href: 'lineman-less@0.0.1' }
77 verbose cache add name="lineman-bower" spec="0.0.5" args=["lineman-bower","0.0.5"]
78 verbose parsed url { protocol: null,
78 verbose parsed url   slashes: null,
78 verbose parsed url   auth: null,
78 verbose parsed url   host: null,
78 verbose parsed url   port: null,
78 verbose parsed url   hostname: null,
78 verbose parsed url   hash: null,
78 verbose parsed url   search: null,
78 verbose parsed url   query: null,
78 verbose parsed url   pathname: '0.0.5',
78 verbose parsed url   path: '0.0.5',
78 verbose parsed url   href: '0.0.5' }
79 verbose addNamed [ 'lineman-bower', '0.0.5' ]
80 verbose addNamed [ '0.0.5', '0.0.5' ]
81 silly lockFile 8f5f1531-lineman-bower-0-0-5 lineman-bower@0.0.5
82 verbose lock lineman-bower@0.0.5 /Users/timothyvoice/.npm/8f5f1531-lineman-bower-0-0-5.lock
83 silly addNameRange { name: 'coffee-script',
83 silly addNameRange   range: '>=1.6.3-0 <1.7.0-0',
83 silly addNameRange   hasData: false }
84 silly addNameRange { name: 'grunt', range: '>=0.4.5-0 <0.5.0-0', hasData: false }
85 silly addNameRange { name: 'grunt-sass',
85 silly addNameRange   range: '>=0.14.0-0 <0.15.0-0',
85 silly addNameRange   hasData: false }
86 silly addNameRange { name: 'grunt-contrib-sass',
86 silly addNameRange   range: '>=0.8.1-0 <0.9.0-0',
86 silly addNameRange   hasData: false }
87 verbose cache add [ 'protractor@^0.23.1', null ]
88 verbose cache add name=undefined spec="protractor@^0.23.1" args=["protractor@^0.23.1",null]
89 verbose parsed url { protocol: null,
89 verbose parsed url   slashes: null,
89 verbose parsed url   auth: null,
89 verbose parsed url   host: null,
89 verbose parsed url   port: null,
89 verbose parsed url   hostname: null,
89 verbose parsed url   hash: null,
89 verbose parsed url   search: null,
89 verbose parsed url   query: null,
89 verbose parsed url   pathname: 'protractor@^0.23.1',
89 verbose parsed url   path: 'protractor@^0.23.1',
89 verbose parsed url   href: 'protractor@^0.23.1' }
90 verbose cache add name="lineman-less" spec="0.0.1" args=["lineman-less","0.0.1"]
91 verbose parsed url { protocol: null,
91 verbose parsed url   slashes: null,
91 verbose parsed url   auth: null,
91 verbose parsed url   host: null,
91 verbose parsed url   port: null,
91 verbose parsed url   hostname: null,
91 verbose parsed url   hash: null,
91 verbose parsed url   search: null,
91 verbose parsed url   query: null,
91 verbose parsed url   pathname: '0.0.1',
91 verbose parsed url   path: '0.0.1',
91 verbose parsed url   href: '0.0.1' }
92 verbose addNamed [ 'lineman-less', '0.0.1' ]
93 verbose addNamed [ '0.0.1', '0.0.1' ]
94 silly lockFile 767efc48-lineman-less-0-0-1 lineman-less@0.0.1
95 verbose lock lineman-less@0.0.1 /Users/timothyvoice/.npm/767efc48-lineman-less-0-0-1.lock
96 silly addNameRange { name: 'jasmine-given',
96 silly addNameRange   range: '>=2.1.0-0 <2.2.0-0',
96 silly addNameRange   hasData: false }
97 verbose request where is /grunt-sass
98 verbose request registry https://registry.npmjs.org/
99 verbose request id decab0d532fa4bff
100 verbose url raw /grunt-sass
101 verbose url resolving [ 'https://registry.npmjs.org/', './grunt-sass' ]
102 verbose url resolved https://registry.npmjs.org/grunt-sass
103 verbose request where is https://registry.npmjs.org/grunt-sass
104 info trying registry request attempt 1 at 11:07:54
105 http GET https://registry.npmjs.org/grunt-sass
106 silly addNameRange { name: 'lineman', range: '>=0.28.0', hasData: false }
107 silly addNameRange { name: 'lineman-angular', range: '>=0.2.0', hasData: false }
108 verbose cache add name="protractor" spec="^0.23.1" args=["protractor","^0.23.1"]
109 verbose parsed url { protocol: null,
109 verbose parsed url   slashes: null,
109 verbose parsed url   auth: null,
109 verbose parsed url   host: null,
109 verbose parsed url   port: null,
109 verbose parsed url   hostname: null,
109 verbose parsed url   hash: null,
109 verbose parsed url   search: null,
109 verbose parsed url   query: null,
109 verbose parsed url   pathname: '^0.23.1',
109 verbose parsed url   path: '^0.23.1',
109 verbose parsed url   href: '^0.23.1' }
110 verbose addNamed [ 'protractor', '^0.23.1' ]
111 verbose addNamed [ null, '>=0.23.1-0 <0.24.0-0' ]
112 silly lockFile 2bc0467d-protractor-0-23-1 protractor@^0.23.1
113 verbose lock protractor@^0.23.1 /Users/timothyvoice/.npm/2bc0467d-protractor-0-23-1.lock
114 verbose request where is /jasmine-given
115 verbose request registry https://registry.npmjs.org/
116 verbose url raw /jasmine-given
117 verbose url resolving [ 'https://registry.npmjs.org/', './jasmine-given' ]
118 verbose url resolved https://registry.npmjs.org/jasmine-given
119 verbose request where is https://registry.npmjs.org/jasmine-given
120 info trying registry request attempt 1 at 11:07:54
121 http GET https://registry.npmjs.org/jasmine-given
122 verbose request where is /lineman-angular
123 verbose request registry https://registry.npmjs.org/
124 verbose url raw /lineman-angular
125 verbose url resolving [ 'https://registry.npmjs.org/', './lineman-angular' ]
126 verbose url resolved https://registry.npmjs.org/lineman-angular
127 verbose request where is https://registry.npmjs.org/lineman-angular
128 info trying registry request attempt 1 at 11:07:54
129 http GET https://registry.npmjs.org/lineman-angular
130 verbose request where is /lineman-bower
131 verbose request registry https://registry.npmjs.org/
132 verbose url raw /lineman-bower
133 verbose url resolving [ 'https://registry.npmjs.org/', './lineman-bower' ]
134 verbose url resolved https://registry.npmjs.org/lineman-bower
135 verbose request where is https://registry.npmjs.org/lineman-bower
136 info trying registry request attempt 1 at 11:07:54
137 http GET https://registry.npmjs.org/lineman-bower
138 verbose request where is /lineman-less
139 verbose request registry https://registry.npmjs.org/
140 verbose url raw /lineman-less
141 verbose url resolving [ 'https://registry.npmjs.org/', './lineman-less' ]
142 verbose url resolved https://registry.npmjs.org/lineman-less
143 verbose request where is https://registry.npmjs.org/lineman-less
144 info trying registry request attempt 1 at 11:07:54
145 http GET https://registry.npmjs.org/lineman-less
146 silly addNameRange { name: 'protractor',
146 silly addNameRange   range: '>=0.23.1-0 <0.24.0-0',
146 silly addNameRange   hasData: false }
147 verbose request where is /protractor
148 verbose request registry https://registry.npmjs.org/
149 verbose url raw /protractor
150 verbose url resolving [ 'https://registry.npmjs.org/', './protractor' ]
151 verbose url resolved https://registry.npmjs.org/protractor
152 verbose request where is https://registry.npmjs.org/protractor
153 info trying registry request attempt 1 at 11:07:54
154 http GET https://registry.npmjs.org/protractor
155 verbose request where is /coffee-script
156 verbose request registry https://registry.npmjs.org/
157 verbose url raw /coffee-script
158 verbose url resolving [ 'https://registry.npmjs.org/', './coffee-script' ]
159 verbose url resolved https://registry.npmjs.org/coffee-script
160 verbose request where is https://registry.npmjs.org/coffee-script
161 info trying registry request attempt 1 at 11:07:54
162 verbose etag "BFAFQ6FSBJCIMCUMD8L4RJ9EY"
163 http GET https://registry.npmjs.org/coffee-script
164 verbose request where is /grunt-contrib-sass
165 verbose request registry https://registry.npmjs.org/
166 verbose url raw /grunt-contrib-sass
167 verbose url resolving [ 'https://registry.npmjs.org/', './grunt-contrib-sass' ]
168 verbose url resolved https://registry.npmjs.org/grunt-contrib-sass
169 verbose request where is https://registry.npmjs.org/grunt-contrib-sass
170 info trying registry request attempt 1 at 11:07:54
171 verbose etag "DF7QOWOMP5XWHIQZMXLA4NYWT"
172 http GET https://registry.npmjs.org/grunt-contrib-sass
173 verbose request where is /grunt
174 verbose request registry https://registry.npmjs.org/
175 verbose url raw /grunt
176 verbose url resolving [ 'https://registry.npmjs.org/', './grunt' ]
177 verbose url resolved https://registry.npmjs.org/grunt
178 verbose request where is https://registry.npmjs.org/grunt
179 info trying registry request attempt 1 at 11:07:54
180 verbose etag "8DSLZ4VONC3RWF53IZ9ZGH7PF"
181 http GET https://registry.npmjs.org/grunt
182 verbose request where is /lineman
183 verbose request registry https://registry.npmjs.org/
184 verbose url raw /lineman
185 verbose url resolving [ 'https://registry.npmjs.org/', './lineman' ]
186 verbose url resolved https://registry.npmjs.org/lineman
187 verbose request where is https://registry.npmjs.org/lineman
188 info trying registry request attempt 1 at 11:07:54
189 verbose etag "9YY16V9KSS5X936M1ICUMB0WA"
190 http GET https://registry.npmjs.org/lineman
191 http 200 https://registry.npmjs.org/lineman-less
192 silly registry.get cb [ 200,
192 silly registry.get   { date: 'Fri, 13 Feb 2015 16:07:54 GMT',
192 silly registry.get     server: 'CouchDB/1.5.0 (Erlang OTP/R16B03)',
192 silly registry.get     etag: '"E4FJZCA4MQGTI332P5R3PUX1H"',
192 silly registry.get     'content-type': 'application/json',
192 silly registry.get     'cache-control': 'max-age=60',
192 silly registry.get     'content-length': '3659',
192 silly registry.get     'accept-ranges': 'bytes',
192 silly registry.get     via: '1.1 varnish',
192 silly registry.get     age: '0',
192 silly registry.get     'x-served-by': 'cache-atl6229-ATL',
192 silly registry.get     'x-cache': 'MISS',
192 silly registry.get     'x-cache-hits': '0',
192 silly registry.get     'x-timer': 'S1423843674.961592,VS0,VE33',
192 silly registry.get     vary: 'Accept',
192 silly registry.get     'keep-alive': 'timeout=10, max=50',
192 silly registry.get     connection: 'Keep-Alive' } ]
193 http 200 https://registry.npmjs.org/lineman-bower
194 silly registry.get cb [ 200,
194 silly registry.get   { date: 'Fri, 13 Feb 2015 16:07:54 GMT',
194 silly registry.get     server: 'CouchDB/1.6.1 (Erlang OTP/R14B04)',
194 silly registry.get     etag: '"6DUY81PGBGIYTR13AH2QD5EM0"',
194 silly registry.get     'content-type': 'application/json',
194 silly registry.get     'cache-control': 'max-age=60',
194 silly registry.get     'content-length': '8480',
194 silly registry.get     'accept-ranges': 'bytes',
194 silly registry.get     via: '1.1 varnish',
194 silly registry.get     age: '0',
194 silly registry.get     'x-served-by': 'cache-atl6225-ATL',
194 silly registry.get     'x-cache': 'MISS',
194 silly registry.get     'x-cache-hits': '0',
194 silly registry.get     'x-timer': 'S1423843674.957507,VS0,VE40',
194 silly registry.get     vary: 'Accept',
194 silly registry.get     'keep-alive': 'timeout=10, max=50',
194 silly registry.get     connection: 'Keep-Alive' } ]
195 http 200 https://registry.npmjs.org/lineman-angular
196 silly registry.get cb [ 200,
196 silly registry.get   { date: 'Fri, 13 Feb 2015 16:07:54 GMT',
196 silly registry.get     server: 'CouchDB/1.5.0 (Erlang OTP/R16B03)',
196 silly registry.get     etag: '"B57ZJYWRPXMFJN7KNJMAM20VP"',
196 silly registry.get     'content-type': 'application/json',
196 silly registry.get     'cache-control': 'max-age=60',
196 silly registry.get     'content-length': '12552',
196 silly registry.get     'accept-ranges': 'bytes',
196 silly registry.get     via: '1.1 varnish',
196 silly registry.get     age: '0',
196 silly registry.get     'x-served-by': 'cache-atl6223-ATL',
196 silly registry.get     'x-cache': 'MISS',
196 silly registry.get     'x-cache-hits': '0',
196 silly registry.get     'x-timer': 'S1423843674.969363,VS0,VE26',
196 silly registry.get     vary: 'Accept',
196 silly registry.get     'keep-alive': 'timeout=10, max=50',
196 silly registry.get     connection: 'Keep-Alive' } ]
197 silly lockFile c5ccc32f-eman-less-lineman-less-0-0-1-tgz https://registry.npmjs.org/lineman-less/-/lineman-less-0.0.1.tgz
198 verbose lock https://registry.npmjs.org/lineman-less/-/lineman-less-0.0.1.tgz /Users/timothyvoice/.npm/c5ccc32f-eman-less-lineman-less-0-0-1-tgz.lock
199 verbose addRemoteTarball [ 'https://registry.npmjs.org/lineman-less/-/lineman-less-0.0.1.tgz',
199 verbose addRemoteTarball   'b534a0c971f600ac0a43600f4187475e99c2d4f7' ]
200 silly lockFile 2ef52b67-an-bower-lineman-bower-0-0-5-tgz https://registry.npmjs.org/lineman-bower/-/lineman-bower-0.0.5.tgz
201 verbose lock https://registry.npmjs.org/lineman-bower/-/lineman-bower-0.0.5.tgz /Users/timothyvoice/.npm/2ef52b67-an-bower-lineman-bower-0-0-5-tgz.lock
202 silly addNameRange number 2 { name: 'lineman-angular', range: '>=0.2.0', hasData: true }
203 silly addNameRange versions [ 'lineman-angular',
203 silly addNameRange   [ '0.0.1',
203 silly addNameRange     '0.0.2',
203 silly addNameRange     '0.0.3',
203 silly addNameRange     '0.1.0',
203 silly addNameRange     '0.1.1',
203 silly addNameRange     '0.1.2',
203 silly addNameRange     '0.1.3',
203 silly addNameRange     '0.2.0',
203 silly addNameRange     '0.3.0' ] ]
204 verbose addNamed [ 'lineman-angular', '0.3.0' ]
205 verbose addNamed [ '0.3.0', '0.3.0' ]
206 silly lockFile fe4ba491-lineman-angular-0-3-0 lineman-angular@0.3.0
207 verbose lock lineman-angular@0.3.0 /Users/timothyvoice/.npm/fe4ba491-lineman-angular-0-3-0.lock
208 verbose addRemoteTarball [ 'https://registry.npmjs.org/lineman-bower/-/lineman-bower-0.0.5.tgz',
208 verbose addRemoteTarball   '9f8a5659bb725f965737b796f8dcc22b89b9b9bc' ]
209 silly lockFile 809290a4-ngular-lineman-angular-0-3-0-tgz https://registry.npmjs.org/lineman-angular/-/lineman-angular-0.3.0.tgz
210 verbose lock https://registry.npmjs.org/lineman-angular/-/lineman-angular-0.3.0.tgz /Users/timothyvoice/.npm/809290a4-ngular-lineman-angular-0-3-0-tgz.lock
211 info retry fetch attempt 1 at 11:07:54
212 verbose fetch to= /var/folders/35/k44d13_95_n85b_tr3kx_02w0000gn/T/npm-12712-K4IdbuHw/registry.npmjs.org/lineman-bower/-/lineman-bower-0.0.5.tgz
213 info retry fetch attempt 1 at 11:07:54
214 verbose fetch to= /var/folders/35/k44d13_95_n85b_tr3kx_02w0000gn/T/npm-12712-K4IdbuHw/registry.npmjs.org/lineman-less/-/lineman-less-0.0.1.tgz
215 verbose addRemoteTarball [ 'https://registry.npmjs.org/lineman-angular/-/lineman-angular-0.3.0.tgz',
215 verbose addRemoteTarball   '59ce9e0497c25e2ce8edbe035c1f65ce4077d94a' ]
216 http GET https://registry.npmjs.org/lineman-bower/-/lineman-bower-0.0.5.tgz
217 http GET https://registry.npmjs.org/lineman-less/-/lineman-less-0.0.1.tgz
218 info retry fetch attempt 1 at 11:07:54
219 verbose fetch to= /var/folders/35/k44d13_95_n85b_tr3kx_02w0000gn/T/npm-12712-K4IdbuHw/registry.npmjs.org/lineman-angular/-/lineman-angular-0.3.0.tgz
220 http GET https://registry.npmjs.org/lineman-angular/-/lineman-angular-0.3.0.tgz
221 http 200 https://registry.npmjs.org/grunt-sass
222 silly registry.get cb [ 200,
222 silly registry.get   { date: 'Fri, 13 Feb 2015 16:07:54 GMT',
222 silly registry.get     server: 'CouchDB/1.6.1 (Erlang OTP/R14B04)',
222 silly registry.get     etag: '"ERU87L5AGS5CWXZD6ZN55ETG4"',
222 silly registry.get     'content-type': 'application/json',
222 silly registry.get     'cache-control': 'max-age=60',
222 silly registry.get     'content-length': '39234',
222 silly registry.get     'accept-ranges': 'bytes',
222 silly registry.get     via: '1.1 varnish',
222 silly registry.get     age: '0',
222 silly registry.get     'x-served-by': 'cache-atl6225-ATL',
222 silly registry.get     'x-cache': 'HIT',
222 silly registry.get     'x-cache-hits': '1',
222 silly registry.get     'x-timer': 'S1423843674.961229,VS0,VE21',
222 silly registry.get     vary: 'Accept',
222 silly registry.get     'keep-alive': 'timeout=10, max=50',
222 silly registry.get     connection: 'Keep-Alive' } ]
223 silly addNameRange number 2 { name: 'grunt-sass',
223 silly addNameRange   range: '>=0.14.0-0 <0.15.0-0',
223 silly addNameRange   hasData: true }
224 silly addNameRange versions [ 'grunt-sass',
224 silly addNameRange   [ '0.1.0',
224 silly addNameRange     '0.2.1',
224 silly addNameRange     '0.2.2',
224 silly addNameRange     '0.2.3',
224 silly addNameRange     '0.2.4',
224 silly addNameRange     '0.2.5',
224 silly addNameRange     '0.3.0',
224 silly addNameRange     '0.4.0',
224 silly addNameRange     '0.4.1',
224 silly addNameRange     '0.5.0',
224 silly addNameRange     '0.6.0',
224 silly addNameRange     '0.6.1',
224 silly addNameRange     '0.7.0',
224 silly addNameRange     '0.8.0',
224 silly addNameRange     '0.8.1',
224 silly addNameRange     '0.9.0',
224 silly addNameRange     '0.10.0',
224 silly addNameRange     '0.11.0',
224 silly addNameRange     '0.12.0',
224 silly addNameRange     '0.12.1',
224 silly addNameRange     '0.13.0',
224 silly addNameRange     '0.13.1',
224 silly addNameRange     '0.14.0',
224 silly addNameRange     '0.14.1',
224 silly addNameRange     '0.14.2',
224 silly addNameRange     '0.15.0',
224 silly addNameRange     '0.16.0',
224 silly addNameRange     '0.16.1',
224 silly addNameRange     '0.17.0',
224 silly addNameRange     '0.18.0' ] ]
225 verbose addNamed [ 'grunt-sass', '0.14.2' ]
226 verbose addNamed [ '0.14.2', '0.14.2' ]
227 silly lockFile a4aab1df-grunt-sass-0-14-2 grunt-sass@0.14.2
228 verbose lock grunt-sass@0.14.2 /Users/timothyvoice/.npm/a4aab1df-grunt-sass-0-14-2.lock
229 silly lockFile 5c057afe-grunt-sass-grunt-sass-0-14-2-tgz https://registry.npmjs.org/grunt-sass/-/grunt-sass-0.14.2.tgz
230 verbose lock https://registry.npmjs.org/grunt-sass/-/grunt-sass-0.14.2.tgz /Users/timothyvoice/.npm/5c057afe-grunt-sass-grunt-sass-0-14-2-tgz.lock
231 verbose addRemoteTarball [ 'https://registry.npmjs.org/grunt-sass/-/grunt-sass-0.14.2.tgz',
231 verbose addRemoteTarball   '45d4d37959afad37d465318f01719be01992b1f8' ]
232 info retry fetch attempt 1 at 11:07:55
233 verbose fetch to= /var/folders/35/k44d13_95_n85b_tr3kx_02w0000gn/T/npm-12712-K4IdbuHw/registry.npmjs.org/grunt-sass/-/grunt-sass-0.14.2.tgz
234 http GET https://registry.npmjs.org/grunt-sass/-/grunt-sass-0.14.2.tgz
235 http 200 https://registry.npmjs.org/coffee-script
236 silly registry.get cb [ 200,
236 silly registry.get   { date: 'Fri, 13 Feb 2015 16:07:55 GMT',
236 silly registry.get     server: 'CouchDB/1.5.0 (Erlang OTP/R16B03)',
236 silly registry.get     etag: '"C6XKWMKZT8HLZEMOMC3EPHFEX"',
236 silly registry.get     'content-type': 'application/json',
236 silly registry.get     'cache-control': 'max-age=60',
236 silly registry.get     'content-length': '34497',
236 silly registry.get     'accept-ranges': 'bytes',
236 silly registry.get     via: '1.1 varnish',
236 silly registry.get     age: '48',
236 silly registry.get     'x-served-by': 'cache-atl6225-ATL',
236 silly registry.get     'x-cache': 'HIT',
236 silly registry.get     'x-cache-hits': '5',
236 silly registry.get     'x-timer': 'S1423843675.029465,VS0,VE0',
236 silly registry.get     vary: 'Accept',
236 silly registry.get     'keep-alive': 'timeout=10, max=49',
236 silly registry.get     connection: 'Keep-Alive' } ]
237 silly addNameRange number 2 { name: 'coffee-script',
237 silly addNameRange   range: '>=1.6.3-0 <1.7.0-0',
237 silly addNameRange   hasData: true }
238 silly addNameRange versions [ 'coffee-script',
238 silly addNameRange   [ '0.7.0',
238 silly addNameRange     '0.7.1',
238 silly addNameRange     '0.7.2',
238 silly addNameRange     '0.9.0',
238 silly addNameRange     '0.9.1',
238 silly addNameRange     '0.9.2',
238 silly addNameRange     '0.9.3',
238 silly addNameRange     '0.9.4',
238 silly addNameRange     '0.9.5',
238 silly addNameRange     '0.9.6',
238 silly addNameRange     '1.0.0',
238 silly addNameRange     '1.0.1',
238 silly addNameRange     '1.1.0',
238 silly addNameRange     '1.1.1',
238 silly addNameRange     '1.1.2',
238 silly addNameRange     '1.1.3',
238 silly addNameRange     '1.2.0',
238 silly addNameRange     '1.3.0',
238 silly addNameRange     '1.3.1',
238 silly addNameRange     '1.3.2',
238 silly addNameRange     '1.3.3',
238 silly addNameRange     '1.4.0',
238 silly addNameRange     '1.5.0',
238 silly addNameRange     '1.6.0',
238 silly addNameRange     '1.6.1',
238 silly addNameRange     '1.6.2',
238 silly addNameRange     '1.6.3',
238 silly addNameRange     '1.7.0',
238 silly addNameRange     '1.7.1',
238 silly addNameRange     '1.8.0',
238 silly addNameRange     '1.9.0' ] ]
239 verbose addNamed [ 'coffee-script', '1.6.3' ]
240 verbose addNamed [ '1.6.3', '1.6.3' ]
241 silly lockFile 15ab88ca-coffee-script-1-6-3 coffee-script@1.6.3
242 verbose lock coffee-script@1.6.3 /Users/timothyvoice/.npm/15ab88ca-coffee-script-1-6-3.lock
243 silly lockFile 15ab88ca-coffee-script-1-6-3 coffee-script@1.6.3
244 silly lockFile 15ab88ca-coffee-script-1-6-3 coffee-script@1.6.3
245 silly lockFile 2faa65d6-coffee-script-1-6-3 coffee-script@~1.6.3
246 silly lockFile 2faa65d6-coffee-script-1-6-3 coffee-script@~1.6.3
247 http 200 https://registry.npmjs.org/jasmine-given
248 silly registry.get cb [ 200,
248 silly registry.get   { date: 'Fri, 13 Feb 2015 16:07:55 GMT',
248 silly registry.get     server: 'CouchDB/1.5.0 (Erlang OTP/R16B03)',
248 silly registry.get     etag: '"58PIQL7XZWJL5OEPKKWKVQS7Y"',
248 silly registry.get     'content-type': 'application/json',
248 silly registry.get     'cache-control': 'max-age=60',
248 silly registry.get     'content-length': '22721',
248 silly registry.get     'accept-ranges': 'bytes',
248 silly registry.get     via: '1.1 varnish',
248 silly registry.get     age: '0',
248 silly registry.get     'x-served-by': 'cache-atl6230-ATL',
248 silly registry.get     'x-cache': 'MISS',
248 silly registry.get     'x-cache-hits': '0',
248 silly registry.get     'x-timer': 'S1423843674.956314,VS0,VE107',
248 silly registry.get     vary: 'Accept',
248 silly registry.get     'keep-alive': 'timeout=10, max=50',
248 silly registry.get     connection: 'Keep-Alive' } ]
249 silly addNameRange number 2 { name: 'jasmine-given',
249 silly addNameRange   range: '>=2.1.0-0 <2.2.0-0',
249 silly addNameRange   hasData: true }
250 silly addNameRange versions [ 'jasmine-given',
250 silly addNameRange   [ '2.1.0',
250 silly addNameRange     '2.2.0',
250 silly addNameRange     '2.3.0',
250 silly addNameRange     '2.4.0',
250 silly addNameRange     '2.5.0',
250 silly addNameRange     '2.5.1',
250 silly addNameRange     '2.6.0',
250 silly addNameRange     '2.6.2' ] ]
251 verbose addNamed [ 'jasmine-given', '2.1.0' ]
252 verbose addNamed [ '2.1.0', '2.1.0' ]
253 silly lockFile 5776247a-jasmine-given-2-1-0 jasmine-given@2.1.0
254 verbose lock jasmine-given@2.1.0 /Users/timothyvoice/.npm/5776247a-jasmine-given-2-1-0.lock
255 silly lockFile c11d5f1f-ne-given-jasmine-given-2-1-0-tgz https://registry.npmjs.org/jasmine-given/-/jasmine-given-2.1.0.tgz
256 verbose lock https://registry.npmjs.org/jasmine-given/-/jasmine-given-2.1.0.tgz /Users/timothyvoice/.npm/c11d5f1f-ne-given-jasmine-given-2-1-0-tgz.lock
257 verbose addRemoteTarball [ 'https://registry.npmjs.org/jasmine-given/-/jasmine-given-2.1.0.tgz',
257 verbose addRemoteTarball   'bec132bf0f42b2564ddfb2d3d47a881239792338' ]
258 info retry fetch attempt 1 at 11:07:55
259 verbose fetch to= /var/folders/35/k44d13_95_n85b_tr3kx_02w0000gn/T/npm-12712-K4IdbuHw/registry.npmjs.org/jasmine-given/-/jasmine-given-2.1.0.tgz
260 http GET https://registry.npmjs.org/jasmine-given/-/jasmine-given-2.1.0.tgz
261 http 200 https://registry.npmjs.org/grunt
262 silly registry.get cb [ 200,
262 silly registry.get   { date: 'Fri, 13 Feb 2015 16:07:55 GMT',
262 silly registry.get     server: 'CouchDB/1.5.0 (Erlang OTP/R16B03)',
262 silly registry.get     etag: '"3PKQCA2SAYA1C6K6J25XH87V"',
262 silly registry.get     'content-type': 'application/json',
262 silly registry.get     'cache-control': 'max-age=60',
262 silly registry.get     'content-length': '88386',
262 silly registry.get     'accept-ranges': 'bytes',
262 silly registry.get     via: '1.1 varnish',
262 silly registry.get     age: '56',
262 silly registry.get     'x-served-by': 'cache-atl6225-ATL',
262 silly registry.get     'x-cache': 'HIT',
262 silly registry.get     'x-cache-hits': '5',
262 silly registry.get     'x-timer': 'S1423843675.070511,VS0,VE0',
262 silly registry.get     vary: 'Accept',
262 silly registry.get     'keep-alive': 'timeout=10, max=49',
262 silly registry.get     connection: 'Keep-Alive' } ]
263 silly addNameRange number 2 { name: 'grunt', range: '>=0.4.5-0 <0.5.0-0', hasData: true }
264 silly addNameRange versions [ 'grunt',
264 silly addNameRange   [ '0.1.0',
264 silly addNameRange     '0.1.1',
264 silly addNameRange     '0.1.2',
264 silly addNameRange     '0.2.0',
264 silly addNameRange     '0.2.1',
264 silly addNameRange     '0.2.2',
264 silly addNameRange     '0.2.3',
264 silly addNameRange     '0.2.4',
264 silly addNameRange     '0.2.5',
264 silly addNameRange     '0.2.6',
264 silly addNameRange     '0.2.7',
264 silly addNameRange     '0.2.8',
264 silly addNameRange     '0.2.9',
264 silly addNameRange     '0.2.10',
264 silly addNameRange     '0.2.11',
264 silly addNameRange     '0.2.12',
264 silly addNameRange     '0.2.13',
264 silly addNameRange     '0.2.14',
264 silly addNameRange     '0.2.15',
264 silly addNameRange     '0.3.0',
264 silly addNameRange     '0.3.1',
264 silly addNameRange     '0.3.2',
264 silly addNameRange     '0.3.3',
264 silly addNameRange     '0.3.4',
264 silly addNameRange     '0.3.5',
264 silly addNameRange     '0.3.6',
264 silly addNameRange     '0.3.7',
264 silly addNameRange     '0.3.8',
264 silly addNameRange     '0.3.9',
264 silly addNameRange     '0.3.10',
264 silly addNameRange     '0.3.11',
264 silly addNameRange     '0.3.12',
264 silly addNameRange     '0.3.13',
264 silly addNameRange     '0.3.14',
264 silly addNameRange     '0.3.15',
264 silly addNameRange     '0.3.16',
264 silly addNameRange     '0.3.17',
264 silly addNameRange     '0.4.0',
264 silly addNameRange     '0.4.1',
264 silly addNameRange     '0.4.2',
264 silly addNameRange     '0.4.3',
264 silly addNameRange     '0.4.4',
264 silly addNameRange     '0.4.5',
264 silly addNameRange     '0.3.13-a',
264 silly addNameRange     '0.4.0-a',
264 silly addNameRange     '0.4.0-rc1',
264 silly addNameRange     '0.4.0-rc2',
264 silly addNameRange     '0.4.0-rc3',
264 silly addNameRange     '0.4.0-rc4',
264 silly addNameRange     '0.4.0-rc5',
264 silly addNameRange     '0.4.0-rc6',
264 silly addNameRange     '0.4.0-rc7',
264 silly addNameRange     '0.4.0-rc8' ] ]
265 verbose addNamed [ 'grunt', '0.4.5' ]
266 verbose addNamed [ '0.4.5', '0.4.5' ]
267 silly lockFile 81abf7ad-grunt-0-4-5 grunt@0.4.5
268 verbose lock grunt@0.4.5 /Users/timothyvoice/.npm/81abf7ad-grunt-0-4-5.lock
269 http 200 https://registry.npmjs.org/protractor
270 silly registry.get cb [ 200,
270 silly registry.get   { date: 'Fri, 13 Feb 2015 16:07:55 GMT',
270 silly registry.get     server: 'CouchDB/1.5.0 (Erlang OTP/R16B03)',
270 silly registry.get     etag: '"DVQQACOB9VTS5IYIJA8IYHJOD"',
270 silly registry.get     'content-type': 'application/json',
270 silly registry.get     'cache-control': 'max-age=60',
270 silly registry.get     'content-length': '80394',
270 silly registry.get     'accept-ranges': 'bytes',
270 silly registry.get     via: '1.1 varnish',
270 silly registry.get     age: '9',
270 silly registry.get     'x-served-by': 'cache-atl6229-ATL',
270 silly registry.get     'x-cache': 'HIT',
270 silly registry.get     'x-cache-hits': '1',
270 silly registry.get     'x-timer': 'S1423843675.025904,VS0,VE1',
270 silly registry.get     vary: 'Accept',
270 silly registry.get     'keep-alive': 'timeout=10, max=49',
270 silly registry.get     connection: 'Keep-Alive' } ]
271 silly lockFile 81abf7ad-grunt-0-4-5 grunt@0.4.5
272 silly lockFile 81abf7ad-grunt-0-4-5 grunt@0.4.5
273 http 200 https://registry.npmjs.org/grunt-contrib-sass
274 silly registry.get cb [ 200,
274 silly registry.get   { date: 'Fri, 13 Feb 2015 16:07:55 GMT',
274 silly registry.get     server: 'CouchDB/1.5.0 (Erlang OTP/R16B03)',
274 silly registry.get     etag: '"3YKIGOW1M7W5OMWPKH8QCIJEP"',
274 silly registry.get     'content-type': 'application/json',
274 silly registry.get     'cache-control': 'max-age=60',
274 silly registry.get     'content-length': '46689',
274 silly registry.get     'accept-ranges': 'bytes',
274 silly registry.get     via: '1.1 varnish',
274 silly registry.get     age: '0',
274 silly registry.get     'x-served-by': 'cache-atl6223-ATL',
274 silly registry.get     'x-cache': 'HIT',
274 silly registry.get     'x-cache-hits': '1',
274 silly registry.get     'x-timer': 'S1423843675.057291,VS0,VE1',
274 silly registry.get     vary: 'Accept',
274 silly registry.get     'keep-alive': 'timeout=10, max=49',
274 silly registry.get     connection: 'Keep-Alive' } ]
275 silly lockFile 73541f84-grunt-0-4-5 grunt@^0.4.5
276 silly lockFile 73541f84-grunt-0-4-5 grunt@^0.4.5
277 silly addNameRange number 2 { name: 'protractor',
277 silly addNameRange   range: '>=0.23.1-0 <0.24.0-0',
277 silly addNameRange   hasData: true }
278 silly addNameRange versions [ 'protractor',
278 silly addNameRange   [ '0.1.0',
278 silly addNameRange     '0.1.1',
278 silly addNameRange     '0.1.2',
278 silly addNameRange     '0.1.3',
278 silly addNameRange     '0.2.0',
278 silly addNameRange     '0.2.1',
278 silly addNameRange     '0.3.0',
278 silly addNameRange     '0.4.0',
278 silly addNameRange     '0.4.1',
278 silly addNameRange     '0.5.0',
278 silly addNameRange     '0.6.1',
278 silly addNameRange     '0.7.0',
278 silly addNameRange     '0.8.0',
278 silly addNameRange     '0.9.0',
278 silly addNameRange     '0.10.0',
278 silly addNameRange     '0.11.0',
278 silly addNameRange     '0.12.0',
278 silly addNameRange     '0.12.1',
278 silly addNameRange     '0.13.0',
278 silly addNameRange     '0.14.0',
278 silly addNameRange     '0.15.0',
278 silly addNameRange     '0.16.0',
278 silly addNameRange     '0.16.1',
278 silly addNameRange     '0.17.0',
278 silly addNameRange     '0.18.0',
278 silly addNameRange     '0.18.1',
278 silly addNameRange     '0.19.0',
278 silly addNameRange     '0.20.0',
278 silly addNameRange     '0.20.1',
278 silly addNameRange     '0.21.0',
278 silly addNameRange     '0.22.0',
278 silly addNameRange     '0.23.0',
278 silly addNameRange     '0.23.1',
278 silly addNameRange     '0.24.0',
278 silly addNameRange     '0.24.1',
278 silly addNameRange     '0.24.2',
278 silly addNameRange     '1.0.0-rc1',
278 silly addNameRange     '1.0.0-rc2',
278 silly addNameRange     '1.0.0-rc3',
278 silly addNameRange     '1.0.0-rc4',
278 silly addNameRange     '1.0.0-rc5',
278 silly addNameRange     '1.0.0-rc6',
278 silly addNameRange     '1.0.0',
278 silly addNameRange     '1.1.0',
278 silly addNameRange     '1.1.1',
278 silly addNameRange     '1.2.0-beta1',
278 silly addNameRange     '1.2.0',
278 silly addNameRange     '1.3.0',
278 silly addNameRange     '1.3.1',
278 silly addNameRange     '1.4.0',
278 silly addNameRange     '1.5.0',
278 silly addNameRange     '1.6.0',
278 silly addNameRange     '1.6.1' ] ]
279 verbose addNamed [ 'protractor', '0.23.1' ]
280 verbose addNamed [ '0.23.1', '0.23.1' ]
281 silly lockFile 73b41e2a-protractor-0-23-1 protractor@0.23.1
282 verbose lock protractor@0.23.1 /Users/timothyvoice/.npm/73b41e2a-protractor-0-23-1.lock
283 silly addNameRange number 2 { name: 'grunt-contrib-sass',
283 silly addNameRange   range: '>=0.8.1-0 <0.9.0-0',
283 silly addNameRange   hasData: true }
284 silly addNameRange versions [ 'grunt-contrib-sass',
284 silly addNameRange   [ '0.1.0',
284 silly addNameRange     '0.1.1',
284 silly addNameRange     '0.1.2',
284 silly addNameRange     '0.1.3',
284 silly addNameRange     '0.2.0',
284 silly addNameRange     '0.2.1',
284 silly addNameRange     '0.2.2',
284 silly addNameRange     '0.3.0',
284 silly addNameRange     '0.4.0',
284 silly addNameRange     '0.4.1',
284 silly addNameRange     '0.5.0',
284 silly addNameRange     '0.5.1',
284 silly addNameRange     '0.6.0',
284 silly addNameRange     '0.2.2-rc7',
284 silly addNameRange     '0.7.0',
284 silly addNameRange     '0.7.1',
284 silly addNameRange     '0.7.2',
284 silly addNameRange     '0.7.3',
284 silly addNameRange     '0.7.4',
284 silly addNameRange     '0.8.0',
284 silly addNameRange     '0.8.1',
284 silly addNameRange     '0.9.0',
284 silly addNameRange     '0.9.1',
284 silly addNameRange     '0.9.2' ] ]
285 verbose addNamed [ 'grunt-contrib-sass', '0.8.1' ]
286 verbose addNamed [ '0.8.1', '0.8.1' ]
287 silly lockFile db282d06-grunt-contrib-sass-0-8-1 grunt-contrib-sass@0.8.1
288 verbose lock grunt-contrib-sass@0.8.1 /Users/timothyvoice/.npm/db282d06-grunt-contrib-sass-0-8-1.lock
289 http 304 https://registry.npmjs.org/lineman
290 silly registry.get cb [ 304,
290 silly registry.get   { date: 'Fri, 13 Feb 2015 16:07:55 GMT',
290 silly registry.get     server: 'Apache',
290 silly registry.get     via: '1.1 varnish',
290 silly registry.get     'last-modified': 'Fri, 13 Feb 2015 16:07:55 GMT',
290 silly registry.get     'cache-control': 'max-age=60',
290 silly registry.get     etag: '"9YY16V9KSS5X936M1ICUMB0WA"',
290 silly registry.get     age: '0',
290 silly registry.get     'x-served-by': 'cache-atl6225-ATL',
290 silly registry.get     'x-cache': 'HIT',
290 silly registry.get     'x-cache-hits': '1',
290 silly registry.get     'x-timer': 'S1423843675.104010,VS0,VE77',
290 silly registry.get     vary: 'Accept',
290 silly registry.get     'content-length': '0',
290 silly registry.get     'keep-alive': 'timeout=10, max=48',
290 silly registry.get     connection: 'Keep-Alive' } ]
291 verbose etag https://registry.npmjs.org/lineman from cache
292 silly lockFile ceea5b9d-protractor-protractor-0-23-1-tgz https://registry.npmjs.org/protractor/-/protractor-0.23.1.tgz
293 verbose lock https://registry.npmjs.org/protractor/-/protractor-0.23.1.tgz /Users/timothyvoice/.npm/ceea5b9d-protractor-protractor-0-23-1-tgz.lock
294 silly lockFile 01fdd1cd-ass-grunt-contrib-sass-0-8-1-tgz https://registry.npmjs.org/grunt-contrib-sass/-/grunt-contrib-sass-0.8.1.tgz
295 verbose lock https://registry.npmjs.org/grunt-contrib-sass/-/grunt-contrib-sass-0.8.1.tgz /Users/timothyvoice/.npm/01fdd1cd-ass-grunt-contrib-sass-0-8-1-tgz.lock
296 verbose addRemoteTarball [ 'https://registry.npmjs.org/protractor/-/protractor-0.23.1.tgz',
296 verbose addRemoteTarball   '429f0ab453e817feba9f838e41acb142feb5a978' ]
297 verbose addRemoteTarball [ 'https://registry.npmjs.org/grunt-contrib-sass/-/grunt-contrib-sass-0.8.1.tgz',
297 verbose addRemoteTarball   '8de924480dc12a51d35abe96a721682afc88d800' ]
298 info retry fetch attempt 1 at 11:07:55
299 verbose fetch to= /var/folders/35/k44d13_95_n85b_tr3kx_02w0000gn/T/npm-12712-K4IdbuHw/registry.npmjs.org/protractor/-/protractor-0.23.1.tgz
300 info retry fetch attempt 1 at 11:07:55
301 verbose fetch to= /var/folders/35/k44d13_95_n85b_tr3kx_02w0000gn/T/npm-12712-K4IdbuHw/registry.npmjs.org/grunt-contrib-sass/-/grunt-contrib-sass-0.8.1.tgz
302 silly addNameRange number 2 { name: 'lineman', range: '>=0.28.0', hasData: true }
303 silly addNameRange versions [ 'lineman',
303 silly addNameRange   [ '0.0.1',
303 silly addNameRange     '0.0.2',
303 silly addNameRange     '0.0.3',
303 silly addNameRange     '0.0.4',
303 silly addNameRange     '0.0.5',
303 silly addNameRange     '0.1.0',
303 silly addNameRange     '0.1.1',
303 silly addNameRange     '0.1.2',
303 silly addNameRange     '0.1.3',
303 silly addNameRange     '0.1.4',
303 silly addNameRange     '0.1.5',
303 silly addNameRange     '0.1.6',
303 silly addNameRange     '0.1.7',
303 silly addNameRange     '0.1.8',
303 silly addNameRange     '0.1.9',
303 silly addNameRange     '0.2.0',
303 silly addNameRange     '0.2.1',
303 silly addNameRange     '0.2.2',
303 silly addNameRange     '0.2.3',
303 silly addNameRange     '0.2.4',
303 silly addNameRange     '0.3.0',
303 silly addNameRange     '0.3.1',
303 silly addNameRange     '0.3.2',
303 silly addNameRange     '0.4.0',
303 silly addNameRange     '0.4.1',
303 silly addNameRange     '0.4.2',
303 silly addNameRange     '0.4.3',
303 silly addNameRange     '0.4.4',
303 silly addNameRange     '0.4.5',
303 silly addNameRange     '0.4.6',
303 silly addNameRange     '0.4.7',
303 silly addNameRange     '0.4.8',
303 silly addNameRange     '0.4.9',
303 silly addNameRange     '0.4.10',
303 silly addNameRange     '0.4.11',
303 silly addNameRange     '0.5.0',
303 silly addNameRange     '0.5.1',
303 silly addNameRange     '0.5.2',
303 silly addNameRange     '0.6.0',
303 silly addNameRange     '0.6.1',
303 silly addNameRange     '0.6.2',
303 silly addNameRange     '0.6.3',
303 silly addNameRange     '0.6.4',
303 silly addNameRange     '0.6.5',
303 silly addNameRange     '0.6.6',
303 silly addNameRange     '0.7.0',
303 silly addNameRange     '0.7.1',
303 silly addNameRange     '0.8.0',
303 silly addNameRange     '0.8.1',
303 silly addNameRange     '0.8.2',
303 silly addNameRange     '0.8.3',
303 silly addNameRange     '0.8.4',
303 silly addNameRange     '0.9.0',
303 silly addNameRange     '0.10.0',
303 silly addNameRange     '0.10.1',
303 silly addNameRange     '0.11.0',
303 silly addNameRange     '0.11.1',
303 silly addNameRange     '0.11.2',
303 silly addNameRange     '0.11.3',
303 silly addNameRange     '0.11.4',
303 silly addNameRange     '0.11.5',
303 silly addNameRange     '0.11.6',
303 silly addNameRange     '0.12.0',
303 silly addNameRange     '0.12.1',
303 silly addNameRange     '0.12.2',
303 silly addNameRange     '0.12.3',
303 silly addNameRange     '0.12.4',
303 silly addNameRange     '0.12.5',
303 silly addNameRange     '0.13.0',
303 silly addNameRange     '0.13.1',
303 silly addNameRange     '0.14.0',
303 silly addNameRange     '0.14.1',
303 silly addNameRange     '0.14.2',
303 silly addNameRange     '0.14.3',
303 silly addNameRange     '0.14.4',
303 silly addNameRange     '0.15.0-beta1',
303 silly addNameRange     '0.14.5',
303 silly addNameRange     '0.15.0-beta2',
303 silly addNameRange     '0.15.0',
303 silly addNameRange     '0.15.1',
303 silly addNameRange     '0.16.0',
303 silly addNameRange     '0.16.1',
303 silly addNameRange     '0.17.0',
303 silly addNameRange     '0.18.0',
303 silly addNameRange     '0.18.1',
303 silly addNameRange     '0.18.2',
303 silly addNameRange     '0.18.3',
303 silly addNameRange     '0.19.0',
303 silly addNameRange     '0.19.1',
303 silly addNameRange     '0.19.2',
303 silly addNameRange     '0.19.3',
303 silly addNameRange     '0.19.4',
303 silly addNameRange     '0.20.0',
303 silly addNameRange     '0.21.0',
303 silly addNameRange     '0.21.1',
303 silly addNameRange     '0.21.2',
303 silly addNameRange     '0.21.3',
303 silly addNameRange     '0.22.0',
303 silly addNameRange     '0.23.0',
303 silly addNameRange     '0.23.1',
303 silly addNameRange     '0.23.2',
303 silly addNameRange     '0.23.3',
303 silly addNameRange     '0.24.0',
303 silly addNameRange     '0.24.1',
303 silly addNameRange     '0.24.2',
303 silly addNameRange     '0.24.3',
303 silly addNameRange     '0.24.4',
303 silly addNameRange     '0.24.5',
303 silly addNameRange     '0.24.7',
303 silly addNameRange     '0.24.8',
303 silly addNameRange     '0.24.9',
303 silly addNameRange     '0.24.10',
303 silly addNameRange     '0.25.0',
303 silly addNameRange     '0.26.0',
303 silly addNameRange     '0.27.0',
303 silly addNameRange     '0.27.1',
303 silly addNameRange     '0.27.2',
303 silly addNameRange     '0.28.0',
303 silly addNameRange     '0.28.1',
303 silly addNameRange     '0.28.2',
303 silly addNameRange     '0.28.3',
303 silly addNameRange     '0.29.0',
303 silly addNameRange     '0.29.1',
303 silly addNameRange     '0.29.2',
303 silly addNameRange     '0.29.3',
303 silly addNameRange     '0.30.0',
303 silly addNameRange     '0.31.0',
303 silly addNameRange     '0.32.0',
303 silly addNameRange     '0.32.1',
303 silly addNameRange     '0.32.2',
303 silly addNameRange     '0.33.0',
303 silly addNameRange     '0.33.1',
303 silly addNameRange     '0.33.2',
303 silly addNameRange     '0.33.3',
303 silly addNameRange     '0.33.4',
303 silly addNameRange     '0.33.5',
303 silly addNameRange     '0.34.0',
303 silly addNameRange     '0.34.1',
303 silly addNameRange     '0.34.2',
303 silly addNameRange     '0.34.3',
303 silly addNameRange     '0.34.4' ] ]
304 verbose addNamed [ 'lineman', '0.34.4' ]
305 verbose addNamed [ '0.34.4', '0.34.4' ]
306 silly lockFile 79a0c2dd-lineman-0-34-4 lineman@0.34.4
307 verbose lock lineman@0.34.4 /Users/timothyvoice/.npm/79a0c2dd-lineman-0-34-4.lock
308 http GET https://registry.npmjs.org/protractor/-/protractor-0.23.1.tgz
309 http GET https://registry.npmjs.org/grunt-contrib-sass/-/grunt-contrib-sass-0.8.1.tgz
310 silly lockFile 79a0c2dd-lineman-0-34-4 lineman@0.34.4
311 silly lockFile 79a0c2dd-lineman-0-34-4 lineman@0.34.4
312 silly lockFile ca46b164-lineman-0-28-0 lineman@>= 0.28.0
313 silly lockFile ca46b164-lineman-0-28-0 lineman@>= 0.28.0
314 http 200 https://registry.npmjs.org/grunt-sass/-/grunt-sass-0.14.2.tgz
315 silly lockFile 5c057afe-grunt-sass-grunt-sass-0-14-2-tgz https://registry.npmjs.org/grunt-sass/-/grunt-sass-0.14.2.tgz
316 silly lockFile 5c057afe-grunt-sass-grunt-sass-0-14-2-tgz https://registry.npmjs.org/grunt-sass/-/grunt-sass-0.14.2.tgz
317 silly lockFile a4aab1df-grunt-sass-0-14-2 grunt-sass@0.14.2
318 silly lockFile a4aab1df-grunt-sass-0-14-2 grunt-sass@0.14.2
319 silly lockFile 2d09307c-grunt-sass-0-14-0 grunt-sass@^0.14.0
320 silly lockFile 2d09307c-grunt-sass-0-14-0 grunt-sass@^0.14.0
321 http 200 https://registry.npmjs.org/protractor/-/protractor-0.23.1.tgz
322 http 200 https://registry.npmjs.org/lineman-bower/-/lineman-bower-0.0.5.tgz
323 silly lockFile 2ef52b67-an-bower-lineman-bower-0-0-5-tgz https://registry.npmjs.org/lineman-bower/-/lineman-bower-0.0.5.tgz
324 silly lockFile 2ef52b67-an-bower-lineman-bower-0-0-5-tgz https://registry.npmjs.org/lineman-bower/-/lineman-bower-0.0.5.tgz
325 silly lockFile 8f5f1531-lineman-bower-0-0-5 lineman-bower@0.0.5
326 silly lockFile 8f5f1531-lineman-bower-0-0-5 lineman-bower@0.0.5
327 http 200 https://registry.npmjs.org/grunt-contrib-sass/-/grunt-contrib-sass-0.8.1.tgz
328 silly lockFile 01fdd1cd-ass-grunt-contrib-sass-0-8-1-tgz https://registry.npmjs.org/grunt-contrib-sass/-/grunt-contrib-sass-0.8.1.tgz
329 silly lockFile 01fdd1cd-ass-grunt-contrib-sass-0-8-1-tgz https://registry.npmjs.org/grunt-contrib-sass/-/grunt-contrib-sass-0.8.1.tgz
330 silly lockFile db282d06-grunt-contrib-sass-0-8-1 grunt-contrib-sass@0.8.1
331 silly lockFile db282d06-grunt-contrib-sass-0-8-1 grunt-contrib-sass@0.8.1
332 silly lockFile 624c9b3d-grunt-contrib-sass-0-8-1 grunt-contrib-sass@^0.8.1
333 silly lockFile 624c9b3d-grunt-contrib-sass-0-8-1 grunt-contrib-sass@^0.8.1
334 http 200 https://registry.npmjs.org/jasmine-given/-/jasmine-given-2.1.0.tgz
335 silly lockFile c11d5f1f-ne-given-jasmine-given-2-1-0-tgz https://registry.npmjs.org/jasmine-given/-/jasmine-given-2.1.0.tgz
336 silly lockFile c11d5f1f-ne-given-jasmine-given-2-1-0-tgz https://registry.npmjs.org/jasmine-given/-/jasmine-given-2.1.0.tgz
337 silly lockFile 5776247a-jasmine-given-2-1-0 jasmine-given@2.1.0
338 silly lockFile 5776247a-jasmine-given-2-1-0 jasmine-given@2.1.0
339 silly lockFile ecdacbdb-jasmine-given-2-1-0 jasmine-given@~2.1.0
340 silly lockFile ecdacbdb-jasmine-given-2-1-0 jasmine-given@~2.1.0
341 http 200 https://registry.npmjs.org/lineman-angular/-/lineman-angular-0.3.0.tgz
342 silly lockFile 809290a4-ngular-lineman-angular-0-3-0-tgz https://registry.npmjs.org/lineman-angular/-/lineman-angular-0.3.0.tgz
343 silly lockFile 809290a4-ngular-lineman-angular-0-3-0-tgz https://registry.npmjs.org/lineman-angular/-/lineman-angular-0.3.0.tgz
344 silly lockFile fe4ba491-lineman-angular-0-3-0 lineman-angular@0.3.0
345 silly lockFile fe4ba491-lineman-angular-0-3-0 lineman-angular@0.3.0
346 silly lockFile 12fbef9a-lineman-angular-0-2-0 lineman-angular@>= 0.2.0
347 silly lockFile 12fbef9a-lineman-angular-0-2-0 lineman-angular@>= 0.2.0
348 http 200 https://registry.npmjs.org/lineman-less/-/lineman-less-0.0.1.tgz
349 silly lockFile c5ccc32f-eman-less-lineman-less-0-0-1-tgz https://registry.npmjs.org/lineman-less/-/lineman-less-0.0.1.tgz
350 silly lockFile c5ccc32f-eman-less-lineman-less-0-0-1-tgz https://registry.npmjs.org/lineman-less/-/lineman-less-0.0.1.tgz
351 silly lockFile 767efc48-lineman-less-0-0-1 lineman-less@0.0.1
352 silly lockFile 767efc48-lineman-less-0-0-1 lineman-less@0.0.1
353 silly lockFile ceea5b9d-protractor-protractor-0-23-1-tgz https://registry.npmjs.org/protractor/-/protractor-0.23.1.tgz
354 silly lockFile ceea5b9d-protractor-protractor-0-23-1-tgz https://registry.npmjs.org/protractor/-/protractor-0.23.1.tgz
355 silly lockFile 73b41e2a-protractor-0-23-1 protractor@0.23.1
356 silly lockFile 73b41e2a-protractor-0-23-1 protractor@0.23.1
357 silly lockFile 2bc0467d-protractor-0-23-1 protractor@^0.23.1
358 silly lockFile 2bc0467d-protractor-0-23-1 protractor@^0.23.1
359 error Error: EACCES, mkdir '/Users/timothyvoice/.npm/grunt-contrib-sass/0.8.1'
359 error  { [Error: EACCES, mkdir '/Users/timothyvoice/.npm/grunt-contrib-sass/0.8.1']
359 error   errno: 3,
359 error   code: 'EACCES',
359 error   path: '/Users/timothyvoice/.npm/grunt-contrib-sass/0.8.1',
359 error   parent: 'lineman-angular-template' }
360 error Please try running this command again as root/Administrator.
361 error System Darwin 14.1.0
362 error command "node" "/usr/local/bin/npm" "install"
363 error cwd /Users/timothyvoice/code/octavejournal
364 error node -v v0.10.36
365 error npm -v 1.4.28
366 error path /Users/timothyvoice/.npm/grunt-contrib-sass/0.8.1
367 error code EACCES
368 error errno 3
369 error stack Error: EACCES, mkdir '/Users/timothyvoice/.npm/grunt-contrib-sass/0.8.1'
370 verbose exit [ 3, true ]
